<?xml version="1.0" encoding="UTF-8"?>
<!-- Generated by org.testng.reporters.JUnitXMLReporter -->
<testsuite ignored="0" hostname="sidharth" failures="0" tests="7" name="TestChrome" time="62.452" errors="0" timestamp="2021-07-14T16:02:53 IST">
  <testcase classname="com.actitime.testCases.TC_LoginTest_001" name="loginTest" time="8.5"/>
  <testcase classname="com.actitime.testCases.TC_LoginTest_001" name="HomePage" time="4.872"/>
  <testcase classname="com.actitime.testCases.TC_LoginTest_001" name="TaskPage" time="1.666"/>
  <testcase classname="com.actitime.testCases.TC_LoginTest_001" name="CreatCustomer" time="11.069"/>
  <testcase classname="com.actitime.testCases.TC_LoginTest_001" name="Setting" time="14.295"/>
  <testcase classname="com.actitime.testCases.TC_LoginTest_001" name="Leavepage" time="0.906"/>
  <testcase classname="com.actitime.testCases.TC_LoginTest_001" name="logout" time="3.397"/>
</testsuite> <!-- TestChrome -->
