<?xml version="1.0" encoding="UTF-8"?>
<!-- Generated by org.testng.reporters.JUnitXMLReporter -->
<testsuite ignored="0" hostname="sidharth" failures="0" tests="7" name="Testfirefox" time="0.215" errors="0" timestamp="2021-07-14T14:42:59 IST">
  <testcase classname="com.actitime.testCases.LoginBaseClass" name="@BeforeClass setup" time="0.001">
    <failure type="java.lang.NullPointerException" message="Cannot invoke &amp;quot;org.openqa.selenium.WebDriver.get(String)&amp;quot; because &amp;quot;this.driver&amp;quot; is null">
      <![CDATA[java.lang.NullPointerException: Cannot invoke "org.openqa.selenium.WebDriver.get(String)" because "this.driver" is null
at com.actitime.testCases.LoginBaseClass.setup(LoginBaseClass.java:27)
at java.base/java.util.ArrayList.forEach(ArrayList.java:1511)
... Removed 25 stack frames]]>
    </failure>
  </testcase> <!-- @BeforeClass setup -->
  <testcase classname="com.actitime.testCases.LoginBaseClass" name="@BeforeMethod enterurl" time="-1.626253979183E9">
    <skipped/>
  </testcase> <!-- @BeforeMethod enterurl -->
  <testcase classname="com.actitime.testCases.LoginBaseClass" name="@AfterMethod teardown" time="-1.626253979211E9">
    <skipped/>
  </testcase> <!-- @AfterMethod teardown -->
  <testcase classname="com.actitime.testCases.TC_LoginTest_001" name="loginTest" time="0.0">
    <skipped/>
  </testcase> <!-- loginTest -->
  <testcase classname="com.actitime.testCases.TC_LoginTest_001" name="HomePage" time="0.0">
    <skipped/>
  </testcase> <!-- HomePage -->
  <testcase classname="com.actitime.testCases.TC_LoginTest_001" name="TaskPage" time="0.0">
    <skipped/>
  </testcase> <!-- TaskPage -->
  <testcase classname="com.actitime.testCases.TC_LoginTest_001" name="CreatCustomer" time="0.0">
    <skipped/>
  </testcase> <!-- CreatCustomer -->
  <testcase classname="com.actitime.testCases.TC_LoginTest_001" name="Setting" time="0.0">
    <skipped/>
  </testcase> <!-- Setting -->
  <testcase classname="com.actitime.testCases.TC_LoginTest_001" name="Leavepage" time="0.0">
    <skipped/>
  </testcase> <!-- Leavepage -->
  <testcase classname="com.actitime.testCases.TC_LoginTest_001" name="logout" time="0.0">
    <skipped/>
  </testcase> <!-- logout -->
</testsuite> <!-- Testfirefox -->
