<?xml version="1.0" encoding="UTF-8"?>
<testng-results ignored="0" total="7" passed="7" failed="0" skipped="0">
  <reporter-output>
  </reporter-output>
  <suite started-at="2021-09-12T20:04:53 IST" name="Suite " finished-at="2021-09-12T20:06:03 IST" duration-ms="70484">
    <groups>
    </groups>
    <test started-at="2021-09-12T20:04:53 IST" name="actitime" finished-at="2021-09-12T20:06:03 IST" duration-ms="70484">
      <class name="com.actitime.testCases.TC_LoginTest_001">
        <test-method is-config="true" signature="setup(java.lang.String)[pri:0, instance:com.actitime.testCases.TC_LoginTest_001@2c35e847]" started-at="2021-09-12T20:04:53 IST" name="setup" finished-at="2021-09-12T20:05:10 IST" duration-ms="16905" status="PASS">
          <params>
            <param index="0">
              <value>
                <![CDATA[chrome]]>
              </value>
            </param>
          </params>
          <reporter-output>
          </reporter-output>
        </test-method> <!-- setup -->
        <test-method signature="loginTest()[pri:0, instance:com.actitime.testCases.TC_LoginTest_001@2c35e847]" started-at="2021-09-12T20:05:10 IST" name="loginTest" finished-at="2021-09-12T20:05:20 IST" duration-ms="10028" status="PASS">
          <reporter-output>
          </reporter-output>
        </test-method> <!-- loginTest -->
        <test-method is-config="true" signature="teardown()[pri:0, instance:com.actitime.testCases.TC_LoginTest_001@2c35e847]" started-at="2021-09-12T20:05:20 IST" name="teardown" finished-at="2021-09-12T20:05:20 IST" duration-ms="1" status="PASS">
          <reporter-output>
          </reporter-output>
        </test-method> <!-- teardown -->
        <test-method signature="HomePage()[pri:2, instance:com.actitime.testCases.TC_LoginTest_001@2c35e847]" started-at="2021-09-12T20:05:20 IST" name="HomePage" finished-at="2021-09-12T20:05:28 IST" duration-ms="8500" status="PASS">
          <reporter-output>
          </reporter-output>
        </test-method> <!-- HomePage -->
        <test-method is-config="true" signature="teardown()[pri:0, instance:com.actitime.testCases.TC_LoginTest_001@2c35e847]" started-at="2021-09-12T20:05:28 IST" name="teardown" finished-at="2021-09-12T20:05:28 IST" duration-ms="1" status="PASS">
          <reporter-output>
          </reporter-output>
        </test-method> <!-- teardown -->
        <test-method signature="TaskPage()[pri:3, instance:com.actitime.testCases.TC_LoginTest_001@2c35e847]" started-at="2021-09-12T20:05:28 IST" name="TaskPage" finished-at="2021-09-12T20:05:34 IST" duration-ms="5492" status="PASS">
          <reporter-output>
          </reporter-output>
        </test-method> <!-- TaskPage -->
        <test-method is-config="true" signature="teardown()[pri:0, instance:com.actitime.testCases.TC_LoginTest_001@2c35e847]" started-at="2021-09-12T20:05:34 IST" name="teardown" finished-at="2021-09-12T20:05:34 IST" duration-ms="2" status="PASS">
          <reporter-output>
          </reporter-output>
        </test-method> <!-- teardown -->
        <test-method signature="CreatCustomer()[pri:4, instance:com.actitime.testCases.TC_LoginTest_001@2c35e847]" started-at="2021-09-12T20:05:34 IST" name="CreatCustomer" finished-at="2021-09-12T20:05:45 IST" duration-ms="11453" status="PASS">
          <reporter-output>
          </reporter-output>
        </test-method> <!-- CreatCustomer -->
        <test-method is-config="true" signature="teardown()[pri:0, instance:com.actitime.testCases.TC_LoginTest_001@2c35e847]" started-at="2021-09-12T20:05:45 IST" name="teardown" finished-at="2021-09-12T20:05:45 IST" duration-ms="0" status="PASS">
          <reporter-output>
          </reporter-output>
        </test-method> <!-- teardown -->
        <test-method signature="Setting()[pri:5, instance:com.actitime.testCases.TC_LoginTest_001@2c35e847]" started-at="2021-09-12T20:05:45 IST" name="Setting" finished-at="2021-09-12T20:05:59 IST" duration-ms="13952" status="PASS">
          <reporter-output>
          </reporter-output>
        </test-method> <!-- Setting -->
        <test-method is-config="true" signature="teardown()[pri:0, instance:com.actitime.testCases.TC_LoginTest_001@2c35e847]" started-at="2021-09-12T20:05:59 IST" name="teardown" finished-at="2021-09-12T20:05:59 IST" duration-ms="4" status="PASS">
          <reporter-output>
          </reporter-output>
        </test-method> <!-- teardown -->
        <test-method signature="Leavepage()[pri:6, instance:com.actitime.testCases.TC_LoginTest_001@2c35e847]" started-at="2021-09-12T20:05:59 IST" name="Leavepage" finished-at="2021-09-12T20:06:00 IST" duration-ms="830" status="PASS">
          <reporter-output>
          </reporter-output>
        </test-method> <!-- Leavepage -->
        <test-method is-config="true" signature="teardown()[pri:0, instance:com.actitime.testCases.TC_LoginTest_001@2c35e847]" started-at="2021-09-12T20:06:00 IST" name="teardown" finished-at="2021-09-12T20:06:00 IST" duration-ms="1" status="PASS">
          <reporter-output>
          </reporter-output>
        </test-method> <!-- teardown -->
        <test-method signature="logout()[pri:7, instance:com.actitime.testCases.TC_LoginTest_001@2c35e847]" started-at="2021-09-12T20:06:00 IST" name="logout" finished-at="2021-09-12T20:06:03 IST" duration-ms="3121" status="PASS">
          <reporter-output>
          </reporter-output>
        </test-method> <!-- logout -->
        <test-method is-config="true" signature="teardown()[pri:0, instance:com.actitime.testCases.TC_LoginTest_001@2c35e847]" started-at="2021-09-12T20:06:03 IST" name="teardown" finished-at="2021-09-12T20:06:03 IST" duration-ms="1" status="PASS">
          <reporter-output>
          </reporter-output>
        </test-method> <!-- teardown -->
      </class> <!-- com.actitime.testCases.TC_LoginTest_001 -->
    </test> <!-- actitime -->
  </suite> <!-- Suite  -->
</testng-results>
