<?xml version="1.0" encoding="UTF-8"?>
<testng-results ignored="0" total="4" passed="4" failed="0" skipped="0">
  <reporter-output>
  </reporter-output>
  <suite started-at="2021-09-12T18:33:45 IST" name="Suite " finished-at="2021-09-12T18:34:33 IST" duration-ms="48735">
    <groups>
    </groups>
    <test started-at="2021-09-12T18:33:45 IST" name="actitime" finished-at="2021-09-12T18:34:33 IST" duration-ms="48735">
      <class name="com.actitime.testCases.TC_loginDDt_002">
        <test-method is-config="true" signature="setup(java.lang.String)[pri:0, instance:com.actitime.testCases.TC_loginDDt_002@52af26ee]" started-at="2021-09-12T18:33:45 IST" name="setup" finished-at="2021-09-12T18:34:00 IST" duration-ms="14949" status="PASS">
          <params>
            <param index="0">
              <value>
                <![CDATA[chrome]]>
              </value>
            </param>
          </params>
          <reporter-output>
          </reporter-output>
        </test-method> <!-- setup -->
        <test-method signature="loginDDT(java.lang.String,java.lang.String)[pri:0, instance:com.actitime.testCases.TC_loginDDt_002@52af26ee]" started-at="2021-09-12T18:34:04 IST" name="loginDDT" data-provider="LoginData" finished-at="2021-09-12T18:34:11 IST" duration-ms="7021" status="PASS">
          <params>
            <param index="0">
              <value>
                <![CDATA[admin]]>
              </value>
            </param>
            <param index="1">
              <value>
                <![CDATA[manager123]]>
              </value>
            </param>
          </params>
          <reporter-output>
          </reporter-output>
        </test-method> <!-- loginDDT -->
        <test-method is-config="true" signature="teardown()[pri:0, instance:com.actitime.testCases.TC_loginDDt_002@52af26ee]" started-at="2021-09-12T18:34:11 IST" name="teardown" finished-at="2021-09-12T18:34:11 IST" duration-ms="1" status="PASS">
          <reporter-output>
          </reporter-output>
        </test-method> <!-- teardown -->
        <test-method signature="loginDDT(java.lang.String,java.lang.String)[pri:0, instance:com.actitime.testCases.TC_loginDDt_002@52af26ee]" started-at="2021-09-12T18:34:11 IST" name="loginDDT" data-provider="LoginData" finished-at="2021-09-12T18:34:17 IST" duration-ms="5882" status="PASS">
          <params>
            <param index="0">
              <value>
                <![CDATA[adimn123]]>
              </value>
            </param>
            <param index="1">
              <value>
                <![CDATA[manager]]>
              </value>
            </param>
          </params>
          <reporter-output>
          </reporter-output>
        </test-method> <!-- loginDDT -->
        <test-method is-config="true" signature="teardown()[pri:0, instance:com.actitime.testCases.TC_loginDDt_002@52af26ee]" started-at="2021-09-12T18:34:17 IST" name="teardown" finished-at="2021-09-12T18:34:17 IST" duration-ms="1" status="PASS">
          <reporter-output>
          </reporter-output>
        </test-method> <!-- teardown -->
        <test-method signature="loginDDT(java.lang.String,java.lang.String)[pri:0, instance:com.actitime.testCases.TC_loginDDt_002@52af26ee]" started-at="2021-09-12T18:34:17 IST" name="loginDDT" data-provider="LoginData" finished-at="2021-09-12T18:34:28 IST" duration-ms="10920" status="PASS">
          <params>
            <param index="0">
              <value>
                <![CDATA[admin]]>
              </value>
            </param>
            <param index="1">
              <value>
                <![CDATA[manager]]>
              </value>
            </param>
          </params>
          <reporter-output>
          </reporter-output>
        </test-method> <!-- loginDDT -->
        <test-method is-config="true" signature="teardown()[pri:0, instance:com.actitime.testCases.TC_loginDDt_002@52af26ee]" started-at="2021-09-12T18:34:28 IST" name="teardown" finished-at="2021-09-12T18:34:28 IST" duration-ms="5" status="PASS">
          <reporter-output>
          </reporter-output>
        </test-method> <!-- teardown -->
        <test-method signature="loginDDT(java.lang.String,java.lang.String)[pri:0, instance:com.actitime.testCases.TC_loginDDt_002@52af26ee]" started-at="2021-09-12T18:34:28 IST" name="loginDDT" data-provider="LoginData" finished-at="2021-09-12T18:34:33 IST" duration-ms="5711" status="PASS">
          <params>
            <param index="0">
              <value>
                <![CDATA[ ]]>
              </value>
            </param>
            <param index="1">
              <value>
                <![CDATA[]]>
              </value>
            </param>
          </params>
          <reporter-output>
          </reporter-output>
        </test-method> <!-- loginDDT -->
        <test-method is-config="true" signature="teardown()[pri:0, instance:com.actitime.testCases.TC_loginDDt_002@52af26ee]" started-at="2021-09-12T18:34:33 IST" name="teardown" finished-at="2021-09-12T18:34:33 IST" duration-ms="0" status="PASS">
          <reporter-output>
          </reporter-output>
        </test-method> <!-- teardown -->
      </class> <!-- com.actitime.testCases.TC_loginDDt_002 -->
    </test> <!-- actitime -->
  </suite> <!-- Suite  -->
</testng-results>
